
Running check 'Phase 1: Preparation'
=================
APT Repositories:
=================
Repos:
  No active apt repos in: /etc/apt/sources.list
  Active apt repos in: /etc/apt/sources.list.d/estmob-sendanywhere.list
    1: deb [arch=amd64,i386] http://update.send-anywhere.com/linux/debian/ stable main
  Active apt repos in: /etc/apt/sources.list.d/github-cli.list
    1: deb [arch=amd64 signed-by=/etc/apt/keyrings/githubcli-archive-keyring.gpg] https://cli.github.com/packages stable main
  Active apt repos in: /etc/apt/sources.list.d/google-chrome.list
    1: deb [arch=amd64] https://dl.google.com/linux/chrome/deb/ stable main
  Active apt repos in: /etc/apt/sources.list.d/official-package-repositories.list
    1: deb http://packages.linuxmint.com virginia main upstream import backport
    2: deb http://archive.ubuntu.com/ubuntu jammy main restricted universe multiverse
    3: deb http://archive.ubuntu.com/ubuntu jammy-updates main restricted universe multiverse
    4: deb http://archive.ubuntu.com/ubuntu jammy-backports main restricted universe multiverse
    5: deb http://security.ubuntu.com/ubuntu/ jammy-security main restricted universe multiverse
  No active apt repos in: /etc/apt/sources.list.d/steam-beta.list
  Active apt repos in: /etc/apt/sources.list.d/steam-stable.list
    1: deb [arch=amd64,i386 signed-by=/usr/share/keyrings/steam.gpg] https://repo.steampowered.com/steam/ stable steam
    2: deb-src [arch=amd64,i386 signed-by=/usr/share/keyrings/steam.gpg] https://repo.steampowered.com/steam/ stable steam
  Active apt repos in: /etc/apt/sources.list.d/vscode.list
    1: deb [arch=amd64,arm64,armhf] https://packages.microsoft.com/repos/code stable main
=================

Running check 'Linux Mint version'
Check succeeded:  Linux Mint version

Running check 'Power source'
Check succeeded:  Power source

Running check 'APT cache'
rm -rf /var/lib/apt/lists/*
DEBIAN_PRIORITY=critical apt-get update
Ign:1 http://packages.linuxmint.com virginia InRelease
Get:2 http://security.ubuntu.com/ubuntu jammy-security InRelease [129 kB]
Get:3 http://archive.ubuntu.com/ubuntu jammy InRelease [270 kB]
Get:4 http://update.send-anywhere.com/linux/debian stable InRelease [2929 B]
Get:5 http://packages.linuxmint.com virginia Release [24.1 kB]
Get:6 https://cli.github.com/packages stable InRelease [3917 B]
Get:7 http://packages.linuxmint.com virginia Release.gpg [833 B]
Get:8 https://dl.google.com/linux/chrome/deb stable InRelease [1825 B]
Get:9 https://packages.microsoft.com/repos/code stable InRelease [3590 B]
Get:10 https://repo.steampowered.com/steam stable InRelease [2861 B]
Get:11 http://archive.ubuntu.com/ubuntu jammy-updates InRelease [128 kB]
Get:12 http://archive.ubuntu.com/ubuntu jammy-backports InRelease [127 kB]
Get:13 https://cli.github.com/packages stable/main amd64 Packages [346 B]
Get:14 http://packages.linuxmint.com virginia/main i386 Packages [17.9 kB]
Get:15 http://packages.linuxmint.com virginia/main amd64 Packages [18.5 kB]
Get:16 http://packages.linuxmint.com virginia/upstream i386 Packages [14.6 kB]
Get:17 http://packages.linuxmint.com virginia/upstream amd64 Packages [48.9 kB]
Get:18 http://packages.linuxmint.com virginia/import i386 Packages [3678 B]
Get:19 http://packages.linuxmint.com virginia/import amd64 Packages [8338 B]
Get:20 http://packages.linuxmint.com virginia/backport amd64 Packages [54.9 kB]
Get:21 https://dl.google.com/linux/chrome/deb stable/main amd64 Packages [1087 B]
Get:22 http://packages.linuxmint.com virginia/backport i386 Packages [8307 B]
Get:23 http://update.send-anywhere.com/linux/debian stable/main amd64 Packages [525 B]
Get:24 http://security.ubuntu.com/ubuntu jammy-security/main i386 Packages [514 kB]
Err:10 https://repo.steampowered.com/steam stable InRelease
  The following signatures couldn't be verified because the public key is not available: NO_PUBKEY F24AEA9FB05498B7
Get:25 http://security.ubuntu.com/ubuntu jammy-security/main amd64 Packages [1679 kB]
Get:26 https://packages.microsoft.com/repos/code stable/main amd64 Packages [17.5 kB]
Get:27 http://archive.ubuntu.com/ubuntu jammy/main i386 Packages [1040 kB]
Get:28 https://packages.microsoft.com/repos/code stable/main arm64 Packages [17.5 kB]
Get:29 https://packages.microsoft.com/repos/code stable/main armhf Packages [17.6 kB]
Get:30 http://security.ubuntu.com/ubuntu jammy-security/main Translation-en [280 kB]
Get:31 http://security.ubuntu.com/ubuntu jammy-security/main amd64 DEP-11 Metadata [43.2 kB]
Get:32 http://security.ubuntu.com/ubuntu jammy-security/main amd64 c-n-f Metadata [13.0 kB]
Get:33 http://security.ubuntu.com/ubuntu jammy-security/restricted amd64 Packages [2178 kB]
Get:34 http://update.send-anywhere.com/linux/debian stable/main i386 Packages [499 B]
Get:35 http://security.ubuntu.com/ubuntu jammy-security/restricted i386 Packages [37.3 kB]
Get:36 http://security.ubuntu.com/ubuntu jammy-security/restricted Translation-en [374 kB]
Get:37 http://archive.ubuntu.com/ubuntu jammy/main amd64 Packages [1395 kB]
Get:38 http://security.ubuntu.com/ubuntu jammy-security/restricted amd64 DEP-11 Metadata [208 B]
Get:39 http://security.ubuntu.com/ubuntu jammy-security/restricted amd64 c-n-f Metadata [572 B]
Get:40 http://security.ubuntu.com/ubuntu jammy-security/universe i386 Packages [620 kB]
Get:41 http://security.ubuntu.com/ubuntu jammy-security/universe amd64 Packages [887 kB]
Get:42 http://archive.ubuntu.com/ubuntu jammy/main Translation-en [510 kB]
Get:43 http://security.ubuntu.com/ubuntu jammy-security/universe Translation-en [173 kB]
Get:44 http://archive.ubuntu.com/ubuntu jammy/main amd64 DEP-11 Metadata [423 kB]
Get:45 http://security.ubuntu.com/ubuntu jammy-security/universe amd64 DEP-11 Metadata [89.2 kB]
Get:46 http://security.ubuntu.com/ubuntu jammy-security/universe amd64 c-n-f Metadata [18.9 kB]
Get:47 http://security.ubuntu.com/ubuntu jammy-security/multiverse amd64 Packages [37.2 kB]
Get:48 http://security.ubuntu.com/ubuntu jammy-security/multiverse i386 Packages [1356 B]
Get:49 http://archive.ubuntu.com/ubuntu jammy/main amd64 c-n-f Metadata [30.3 kB]
Get:50 http://archive.ubuntu.com/ubuntu jammy/restricted i386 Packages [30.4 kB]
Get:51 http://archive.ubuntu.com/ubuntu jammy/restricted amd64 Packages [129 kB]
Get:52 http://archive.ubuntu.com/ubuntu jammy/restricted Translation-en [18.6 kB]
Get:53 http://archive.ubuntu.com/ubuntu jammy/restricted amd64 c-n-f Metadata [488 B]
Get:54 http://archive.ubuntu.com/ubuntu jammy/universe i386 Packages [7474 kB]
Get:55 http://security.ubuntu.com/ubuntu jammy-security/multiverse Translation-en [7588 B]
Get:56 http://security.ubuntu.com/ubuntu jammy-security/multiverse amd64 DEP-11 Metadata [208 B]
Get:57 http://security.ubuntu.com/ubuntu jammy-security/multiverse amd64 c-n-f Metadata [228 B]
Get:58 http://archive.ubuntu.com/ubuntu jammy/universe amd64 Packages [14.1 MB]
Get:59 http://archive.ubuntu.com/ubuntu jammy/universe Translation-en [5652 kB]
Get:60 http://archive.ubuntu.com/ubuntu jammy/universe amd64 DEP-11 Metadata [3559 kB]
Get:61 http://archive.ubuntu.com/ubuntu jammy/universe amd64 c-n-f Metadata [286 kB]
Get:62 http://archive.ubuntu.com/ubuntu jammy/multiverse i386 Packages [112 kB]
Get:63 http://archive.ubuntu.com/ubuntu jammy/multiverse amd64 Packages [217 kB]
Get:64 http://archive.ubuntu.com/ubuntu jammy/multiverse Translation-en [112 kB]
Get:65 http://archive.ubuntu.com/ubuntu jammy/multiverse amd64 DEP-11 Metadata [42.1 kB]
Get:66 http://archive.ubuntu.com/ubuntu jammy/multiverse amd64 c-n-f Metadata [8372 B]
Get:67 http://archive.ubuntu.com/ubuntu jammy-updates/main i386 Packages [674 kB]
Get:68 http://archive.ubuntu.com/ubuntu jammy-updates/main amd64 Packages [1900 kB]
Get:69 http://archive.ubuntu.com/ubuntu jammy-updates/main Translation-en [338 kB]
Get:70 http://archive.ubuntu.com/ubuntu jammy-updates/main amd64 DEP-11 Metadata [103 kB]
Get:71 http://archive.ubuntu.com/ubuntu jammy-updates/main amd64 c-n-f Metadata [17.7 kB]
Get:72 http://archive.ubuntu.com/ubuntu jammy-updates/restricted amd64 Packages [2257 kB]
Get:73 http://archive.ubuntu.com/ubuntu jammy-updates/restricted i386 Packages [38.9 kB]
Get:74 http://archive.ubuntu.com/ubuntu jammy-updates/restricted Translation-en [388 kB]
Get:75 http://archive.ubuntu.com/ubuntu jammy-updates/restricted amd64 DEP-11 Metadata [212 B]
Get:76 http://archive.ubuntu.com/ubuntu jammy-updates/restricted amd64 c-n-f Metadata [604 B]
Get:77 http://archive.ubuntu.com/ubuntu jammy-updates/universe i386 Packages [724 kB]
Get:78 http://archive.ubuntu.com/ubuntu jammy-updates/universe amd64 Packages [1109 kB]
Get:79 http://archive.ubuntu.com/ubuntu jammy-updates/universe Translation-en [259 kB]
Get:80 http://archive.ubuntu.com/ubuntu jammy-updates/universe amd64 DEP-11 Metadata [341 kB]
Get:81 http://archive.ubuntu.com/ubuntu jammy-updates/universe amd64 c-n-f Metadata [25.4 kB]
Get:82 http://archive.ubuntu.com/ubuntu jammy-updates/multiverse amd64 Packages [43.3 kB]
Get:83 http://archive.ubuntu.com/ubuntu jammy-updates/multiverse i386 Packages [4744 B]
Get:84 http://archive.ubuntu.com/ubuntu jammy-updates/multiverse Translation-en [10.8 kB]
Get:85 http://archive.ubuntu.com/ubuntu jammy-updates/multiverse amd64 DEP-11 Metadata [940 B]
Get:86 http://archive.ubuntu.com/ubuntu jammy-updates/multiverse amd64 c-n-f Metadata [444 B]
Get:87 http://archive.ubuntu.com/ubuntu jammy-backports/main amd64 Packages [67.1 kB]
Get:88 http://archive.ubuntu.com/ubuntu jammy-backports/main i386 Packages [59.3 kB]
Get:89 http://archive.ubuntu.com/ubuntu jammy-backports/main Translation-en [11.0 kB]
Get:90 http://archive.ubuntu.com/ubuntu jammy-backports/main amd64 DEP-11 Metadata [6772 B]
Get:91 http://archive.ubuntu.com/ubuntu jammy-backports/main amd64 c-n-f Metadata [388 B]
Get:92 http://archive.ubuntu.com/ubuntu jammy-backports/restricted amd64 DEP-11 Metadata [212 B]
Get:93 http://archive.ubuntu.com/ubuntu jammy-backports/restricted amd64 c-n-f Metadata [116 B]
Get:94 http://archive.ubuntu.com/ubuntu jammy-backports/universe amd64 Packages [28.8 kB]
Get:95 http://archive.ubuntu.com/ubuntu jammy-backports/universe i386 Packages [17.2 kB]
Get:96 http://archive.ubuntu.com/ubuntu jammy-backports/universe Translation-en [16.5 kB]
Get:97 http://archive.ubuntu.com/ubuntu jammy-backports/universe amd64 DEP-11 Metadata [21.1 kB]
Get:98 http://archive.ubuntu.com/ubuntu jammy-backports/universe amd64 c-n-f Metadata [672 B]
Get:99 http://archive.ubuntu.com/ubuntu jammy-backports/multiverse amd64 DEP-11 Metadata [212 B]
Get:100 http://archive.ubuntu.com/ubuntu jammy-backports/multiverse amd64 c-n-f Metadata [116 B]
Reading package lists...
W: http://update.send-anywhere.com/linux/debian/dists/stable/InRelease: Key is stored in legacy trusted.gpg keyring (/etc/apt/trusted.gpg), see the DEPRECATION section in apt-key(8) for details.
W: GPG error: https://repo.steampowered.com/steam stable InRelease: The following signatures couldn't be verified because the public key is not available: NO_PUBKEY F24AEA9FB05498B7
E: The repository 'https://repo.steampowered.com/steam stable InRelease' is not signed.
Error - Return code: 100
